# JRE version: Java(TM) SE Runtime Environment (8.0_65-b17) (build 1.8.0_65-b17)
# Java VM: Java HotSpot(TM) 64-Bit Server VM (25.65-b01 mixed mode bsd-amd64 compressed oops)
Heap:
 PSYoungGen      total 24576K, used 22264K [0x0000000795580000, 0x0000000796e80000, 0x00000007c0000000)
  eden space 24064K, 92% used [0x0000000795580000,0x0000000796b26078,0x0000000796d00000)
  from space 512K, 18% used [0x0000000796e00000,0x0000000796e18000,0x0000000796e80000)
  to   space 512K, 0% used [0x0000000796d80000,0x0000000796d80000,0x0000000796e00000)
 ParOldGen       total 87552K, used 3323K [0x0000000740000000, 0x0000000745580000, 0x0000000795580000)
  object space 87552K, 3% used [0x0000000740000000,0x000000074033ee68,0x0000000745580000)
 Metaspace       used 10771K, capacity 10915K, committed 11136K, reserved 1058816K
  class space    used 1052K, capacity 1112K, committed 1152K, reserved 1048576K
GC Heap History (10 events):
Event: 14.897 GC heap before
{Heap before GC invocations=84 (full 0):
 PSYoungGen      total 24576K, used 24096K [0x0000000795580000, 0x0000000796e80000, 0x00000007c0000000)
  eden space 24064K, 100% used [0x0000000795580000,0x0000000796d00000,0x0000000796d00000)
  from space 512K, 6% used [0x0000000796d80000,0x0000000796d88000,0x0000000796e00000)
  to   space 512K, 0% used [0x0000000796e00000,0x0000000796e00000,0x0000000796e80000)
 ParOldGen       total 87552K, used 3323K [0x0000000740000000, 0x0000000745580000, 0x0000000795580000)
  object space 87552K, 3% used [0x0000000740000000,0x000000074033ee68,0x0000000745580000)
 Metaspace       used 10763K, capacity 10915K, committed 11136K, reserved 1058816K
  class space    used 1051K, capacity 1112K, committed 1152K, reserved 1048576K
Event: 14.898 GC heap after
Heap after GC invocations=84 (full 0):
 PSYoungGen      total 24576K, used 64K [0x0000000795580000, 0x0000000796e80000, 0x00000007c0000000)
  eden space 24064K, 0% used [0x0000000795580000,0x0000000795580000,0x0000000796d00000)
  from space 512K, 12% used [0x0000000796e00000,0x0000000796e10000,0x0000000796e80000)
  to   space 512K, 0% used [0x0000000796d80000,0x0000000796d80000,0x0000000796e00000)
 ParOldGen       total 87552K, used 3323K [0x0000000740000000, 0x0000000745580000, 0x0000000795580000)
  object space 87552K, 3% used [0x0000000740000000,0x000000074033ee68,0x0000000745580000)
 Metaspace       used 10763K, capacity 10915K, committed 11136K, reserved 1058816K
  class space    used 1051K, capacity 1112K, committed 1152K, reserved 1048576K
}
Event: 15.024 GC heap before
{Heap before GC invocations=85 (full 0):
 PSYoungGen      total 24576K, used 24128K [0x0000000795580000, 0x0000000796e80000, 0x00000007c0000000)
  eden space 24064K, 100% used [0x0000000795580000,0x0000000796d00000,0x0000000796d00000)
  from space 512K, 12% used [0x0000000796e00000,0x0000000796e10000,0x0000000796e80000)
  to   space 512K, 0% used [0x0000000796d80000,0x0000000796d80000,0x0000000796e00000)
 ParOldGen       total 87552K, used 3323K [0x0000000740000000, 0x0000000745580000, 0x0000000795580000)
  object space 87552K, 3% used [0x0000000740000000,0x000000074033ee68,0x0000000745580000)
 Metaspace       used 10763K, capacity 10915K, committed 11136K, reserved 1058816K
  class space    used 1051K, capacity 1112K, committed 1152K, reserved 1048576K
Event: 15.024 GC heap after
Heap after GC invocations=85 (full 0):
 PSYoungGen      total 24576K, used 64K [0x0000000795580000, 0x0000000796e80000, 0x00000007c0000000)
  eden space 24064K, 0% used [0x0000000795580000,0x0000000795580000,0x0000000796d00000)
  from space 512K, 12% used [0x0000000796d80000,0x0000000796d90000,0x0000000796e00000)
  to   space 512K, 0% used [0x0000000796e00000,0x0000000796e00000,0x0000000796e80000)
 ParOldGen       total 87552K, used 3323K [0x0000000740000000, 0x0000000745580000, 0x0000000795580000)
  object space 87552K, 3% used [0x0000000740000000,0x000000074033ee68,0x0000000745580000)
 Metaspace       used 10763K, capacity 10915K, committed 11136K, reserved 1058816K
  class space    used 1051K, capacity 1112K, committed 1152K, reserved 1048576K
}
Event: 15.155 GC heap before
{Heap before GC invocations=86 (full 0):
 PSYoungGen      total 24576K, used 24128K [0x0000000795580000, 0x0000000796e80000, 0x00000007c0000000)
  eden space 24064K, 100% used [0x0000000795580000,0x0000000796d00000,0x0000000796d00000)
  from space 512K, 12% used [0x0000000796d80000,0x0000000796d90000,0x0000000796e00000)
  to   space 512K, 0% used [0x0000000796e00000,0x0000000796e00000,0x0000000796e80000)
 ParOldGen       total 87552K, used 3323K [0x0000000740000000, 0x0000000745580000, 0x0000000795580000)
  object space 87552K, 3% used [0x0000000740000000,0x000000074033ee68,0x0000000745580000)
 Metaspace       used 10763K, capacity 10915K, committed 11136K, reserved 1058816K
  class space    used 1051K, capacity 1112K, committed 1152K, reserved 1048576K
Event: 15.155 GC heap after
Heap after GC invocations=86 (full 0):
 PSYoungGen      total 24576K, used 64K [0x0000000795580000, 0x0000000796e80000, 0x00000007c0000000)
  eden space 24064K, 0% used [0x0000000795580000,0x0000000795580000,0x0000000796d00000)
  from space 512K, 12% used [0x0000000796e00000,0x0000000796e10000,0x0000000796e80000)
  to   space 512K, 0% used [0x0000000796d80000,0x0000000796d80000,0x0000000796e00000)
 ParOldGen       total 87552K, used 3323K [0x0000000740000000, 0x0000000745580000, 0x0000000795580000)
  object space 87552K, 3% used [0x0000000740000000,0x000000074033ee68,0x0000000745580000)
 Metaspace       used 10763K, capacity 10915K, committed 11136K, reserved 1058816K
  class space    used 1051K, capacity 1112K, committed 1152K, reserved 1048576K
}
Event: 15.261 GC heap before
{Heap before GC invocations=87 (full 0):
 PSYoungGen      total 24576K, used 24128K [0x0000000795580000, 0x0000000796e80000, 0x00000007c0000000)
  eden space 24064K, 100% used [0x0000000795580000,0x0000000796d00000,0x0000000796d00000)
  from space 512K, 12% used [0x0000000796e00000,0x0000000796e10000,0x0000000796e80000)
  to   space 512K, 0% used [0x0000000796d80000,0x0000000796d80000,0x0000000796e00000)
 ParOldGen       total 87552K, used 3323K [0x0000000740000000, 0x0000000745580000, 0x0000000795580000)
  object space 87552K, 3% used [0x0000000740000000,0x000000074033ee68,0x0000000745580000)
 Metaspace       used 10763K, capacity 10915K, committed 11136K, reserved 1058816K
  class space    used 1051K, capacity 1112K, committed 1152K, reserved 1048576K
Event: 15.261 GC heap after
Heap after GC invocations=87 (full 0):
 PSYoungGen      total 24576K, used 96K [0x0000000795580000, 0x0000000796e80000, 0x00000007c0000000)
  eden space 24064K, 0% used [0x0000000795580000,0x0000000795580000,0x0000000796d00000)
  from space 512K, 18% used [0x0000000796d80000,0x0000000796d98000,0x0000000796e00000)
  to   space 512K, 0% used [0x0000000796e00000,0x0000000796e00000,0x0000000796e80000)
 ParOldGen       total 87552K, used 3323K [0x0000000740000000, 0x0000000745580000, 0x0000000795580000)
  object space 87552K, 3% used [0x0000000740000000,0x000000074033ee68,0x0000000745580000)
 Metaspace       used 10763K, capacity 10915K, committed 11136K, reserved 1058816K
  class space    used 1051K, capacity 1112K, committed 1152K, reserved 1048576K
}
Event: 15.366 GC heap before
{Heap before GC invocations=88 (full 0):
 PSYoungGen      total 24576K, used 24160K [0x0000000795580000, 0x0000000796e80000, 0x00000007c0000000)
  eden space 24064K, 100% used [0x0000000795580000,0x0000000796d00000,0x0000000796d00000)
  from space 512K, 18% used [0x0000000796d80000,0x0000000796d98000,0x0000000796e00000)
  to   space 512K, 0% used [0x0000000796e00000,0x0000000796e00000,0x0000000796e80000)
 ParOldGen       total 87552K, used 3323K [0x0000000740000000, 0x0000000745580000, 0x0000000795580000)
  object space 87552K, 3% used [0x0000000740000000,0x000000074033ee68,0x0000000745580000)
 Metaspace       used 10763K, capacity 10915K, committed 11136K, reserved 1058816K
  class space    used 1051K, capacity 1112K, committed 1152K, reserved 1048576K
Event: 15.366 GC heap after
Heap after GC invocations=88 (full 0):
 PSYoungGen      total 24576K, used 96K [0x0000000795580000, 0x0000000796e80000, 0x00000007c0000000)
  eden space 24064K, 0% used [0x0000000795580000,0x0000000795580000,0x0000000796d00000)
  from space 512K, 18% used [0x0000000796e00000,0x0000000796e18000,0x0000000796e80000)
  to   space 512K, 0% used [0x0000000796d80000,0x0000000796d80000,0x0000000796e00000)
 ParOldGen       total 87552K, used 3323K [0x0000000740000000, 0x0000000745580000, 0x0000000795580000)
  object space 87552K, 3% used [0x0000000740000000,0x000000074033ee68,0x0000000745580000)
 Metaspace       used 10763K, capacity 10915K, committed 11136K, reserved 1058816K
  class space    used 1051K, capacity 1112K, committed 1152K, reserved 1048576K
}

